proguard/seeds.txt
com.umeng.fb.NotificationType: com.umeng.fb.NotificationType[] values()
com.umeng.fb.NotificationType: com.umeng.fb.NotificationType valueOf(java.lang.String)
com.umeng.fb.a$a: com.umeng.fb.a$a[] values()
com.umeng.fb.a$a: com.umeng.fb.a$a valueOf(java.lang.String)
com.umeng.fb.a$b: com.umeng.fb.a$b[] values()
com.umeng.fb.a$b: com.umeng.fb.a$b valueOf(java.lang.String)
com.umeng.fb.b$a: com.umeng.fb.b$a[] values()
com.umeng.fb.b$a: com.umeng.fb.b$a valueOf(java.lang.String)
com.umeng.fb.ui.FeedbackConversation
com.umeng.fb.ui.FeedbackConversation: FeedbackConversation()
com.umeng.fb.ui.FeedbackConversations
com.umeng.fb.ui.FeedbackConversations: FeedbackConversations()
com.umeng.fb.ui.SendFeedback
com.umeng.fb.ui.SendFeedback: SendFeedback()
com.umeng.fb.ui.ThreadView
com.umeng.fb.ui.ThreadView: ThreadView(android.content.Context,android.util.AttributeSet)
org.radiowar.taginfo.R$array
org.radiowar.taginfo.R$array: int UMageList
org.radiowar.taginfo.R$array: int UMgenderList
org.radiowar.taginfo.R$attr
org.radiowar.taginfo.R$color
org.radiowar.taginfo.R$color: int gray
org.radiowar.taginfo.R$color: int listview_background_end
org.radiowar.taginfo.R$color: int listview_background_item_pressed_end
org.radiowar.taginfo.R$color: int listview_background_item_pressed_start
org.radiowar.taginfo.R$color: int listview_background_start
org.radiowar.taginfo.R$drawable
org.radiowar.taginfo.R$drawable: int app_list_corner_round
org.radiowar.taginfo.R$drawable: int app_list_corner_round_bottom
org.radiowar.taginfo.R$drawable: int app_list_corner_round_top
org.radiowar.taginfo.R$drawable: int app_list_corner_shape
org.radiowar.taginfo.R$drawable: int arrow
org.radiowar.taginfo.R$drawable: int history
org.radiowar.taginfo.R$drawable: int ic_launcher
org.radiowar.taginfo.R$drawable: int icon
org.radiowar.taginfo.R$drawable: int keymanager
org.radiowar.taginfo.R$drawable: int logo
org.radiowar.taginfo.R$drawable: int more
org.radiowar.taginfo.R$drawable: int picnfc
org.radiowar.taginfo.R$drawable: int putthecard
org.radiowar.taginfo.R$drawable: int readcard
org.radiowar.taginfo.R$drawable: int shape_bg_listview
org.radiowar.taginfo.R$drawable: int splash
org.radiowar.taginfo.R$drawable: int steal
org.radiowar.taginfo.R$drawable: int tag
org.radiowar.taginfo.R$drawable: int umeng_fb_bar_bg
org.radiowar.taginfo.R$drawable: int umeng_fb_blank_selector
org.radiowar.taginfo.R$drawable: int umeng_fb_bottom_banner
org.radiowar.taginfo.R$drawable: int umeng_fb_dev_bubble
org.radiowar.taginfo.R$drawable: int umeng_fb_gradient_green
org.radiowar.taginfo.R$drawable: int umeng_fb_gradient_orange
org.radiowar.taginfo.R$drawable: int umeng_fb_gray_frame
org.radiowar.taginfo.R$drawable: int umeng_fb_list_item
org.radiowar.taginfo.R$drawable: int umeng_fb_list_item_pressed