proguard/mapping.txt
com.umeng.fb.a -> com.umeng.fb.c:
    java.lang.String a -> a
    java.lang.String b -> b
    java.lang.String c -> c
    java.util.Date e -> d
    com.umeng.fb.a$b f -> e
    com.umeng.fb.a$a g -> f
    org.json.JSONObject h -> g
    java.lang.String a() -> a
    int compareTo(java.lang.Object) -> compareTo
com.umeng.fb.a$a -> com.umeng.fb.d:
    com.umeng.fb.a$a a -> a
    com.umeng.fb.a$a b -> b
    com.umeng.fb.a$a c -> c
    com.umeng.fb.a$a d -> d
    com.umeng.fb.a$a[] e -> e
    com.umeng.fb.a$a[] values() -> values
    com.umeng.fb.a$a valueOf(java.lang.String) -> valueOf
com.umeng.fb.a$b -> com.umeng.fb.e:
    com.umeng.fb.a$b a -> a
    com.umeng.fb.a$b b -> b
    com.umeng.fb.a$b c -> c
    com.umeng.fb.a$b[] d -> d
    com.umeng.fb.a$b[] values() -> values
    com.umeng.fb.a$b valueOf(java.lang.String) -> valueOf
com.umeng.fb.a.a -> com.umeng.fb.a.a:
    java.lang.String a -> a
    com.umeng.fb.a.c a(com.umeng.fb.a.b) -> a
com.umeng.fb.a.b -> com.umeng.fb.a.b:
    java.lang.String d -> d
    org.json.JSONObject e -> e
    java.lang.String f -> f
    org.json.JSONObject a() -> a
    java.lang.String b() -> b
    java.lang.String c() -> c
com.umeng.fb.a.c -> com.umeng.fb.a.c:
    org.json.JSONObject a -> a
    org.json.JSONObject a() -> a
com.umeng.fb.a.d -> com.umeng.fb.a.d:
    android.content.Context a -> a
    java.util.concurrent.ExecutorService b -> b
    void run() -> run
com.umeng.fb.a.e -> com.umeng.fb.a.e:
    java.lang.String a -> a
    android.content.Context b -> b
    java.lang.String c -> c
    java.lang.String d -> d
    java.lang.String e -> e
    int f -> f
    android.os.Handler g -> g
    void run() -> run
com.umeng.fb.a.f -> com.umeng.fb.a.f:
    java.lang.String a -> a
    org.json.JSONObject b -> b
    android.content.Context c -> c
    java.lang.Boolean a() -> a
    java.lang.Object call() -> call
com.umeng.fb.b -> com.umeng.fb.f:
    java.lang.String a -> a
    com.umeng.fb.b$a b -> b
    java.lang.String c -> c
    com.umeng.fb.a d -> d
    com.umeng.fb.a e -> e
    java.util.List f -> f
    com.umeng.fb.a a(int) -> a
    void b(int) -> b
    int compareTo(java.lang.Object) -> compareTo
com.umeng.fb.b$a -> com.umeng.fb.g:
    com.umeng.fb.b$a a -> a
    com.umeng.fb.b$a b -> b
    com.umeng.fb.b$a c -> c
    com.umeng.fb.b$a d -> d
    com.umeng.fb.b$a[] e -> e
    com.umeng.fb.b$a[] values() -> values
    com.umeng.fb.b$a valueOf(java.lang.String) -> valueOf
com.umeng.fb.b.c -> com.umeng.fb.b.a:
    int d(android.content.Context) -> a
com.umeng.fb.b.e -> com.umeng.fb.b.b:
    int g(android.content.Context) -> a
    int o(android.content.Context) -> b
com.umeng.fb.c -> com.umeng.fb.h:
    android.app.AlertDialog a -> a
    void onClick(android.view.View) -> onClick
com.umeng.fb.d -> com.umeng.fb.i:
    android.app.AlertDialog a -> a
    void onClick(android.view.View) -> onClick
com.umeng.fb.e -> com.umeng.fb.j:
    void handleMessage(android.os.Message) -> handleMessage
com.umeng.fb.f -> com.umeng.fb.k:
    long d -> a
    boolean e -> b
    boolean h -> c
    boolean i -> d
    boolean j -> e
    boolean k -> f
    boolean l -> g
    java.lang.String m -> h
    java.lang.String n -> i
    java.lang.Object o -> j
    java.lang.String[] q -> k
    java.lang.String[] r -> l
    boolean u -> m
com.umeng.fb.g -> com.umeng.fb.l:
    java.util.Date a(java.lang.String) -> a
    org.json.JSONObject c(android.content.Context) -> a