proguard/usage.txt
android.annotation.SuppressLint
android.annotation.TargetApi
com.umeng.analytics.Gender
com.umeng.analytics.MobclickAgent:
    private static final int h
    private static final int i
    private static final int j
    private static final int k
    private static final int l
    private static final int m
    private static final int n
    private static final java.lang.String p
    private static final java.lang.String q
    private static final java.lang.String r
    private static final java.lang.String s
    private static final java.lang.String t
    private static final java.lang.String u
    private static final java.lang.String v
    private static final java.lang.String w
    private static final java.lang.String x
    private static final java.lang.String y
    private static final java.lang.String z
    private static final java.lang.String A
    private static final java.lang.String B
    private static final java.lang.String C
    private static final java.lang.String D
    private static final java.lang.String E
    private static final java.lang.String F
    private static final java.lang.String G
    private static final java.lang.String H
    private static final java.lang.String I
    private static final java.lang.String J
    private static final java.lang.String K
    private static final java.lang.String L
    private static final java.lang.String M
    private static final java.lang.String N
    private static final java.lang.String O
    private static final java.lang.String P
    private static final java.lang.String Q
com.umeng.analytics.MobclickAgent$1
com.umeng.analytics.MobclickAgent$a:
    MobclickAgent$a(android.content.Context,java.lang.String,java.lang.String,long,int,int)
    MobclickAgent$a(android.content.Context,java.lang.String,java.util.Map,long,int)
    MobclickAgent$a(android.content.Context,java.lang.String,java.util.Map,java.lang.String,int)
    MobclickAgent$a(android.content.Context,java.lang.String,int)
com.umeng.analytics.ReportPolicy
com.umeng.analytics.a:
    static final java.lang.String a
    static final java.lang.String b
    static final java.lang.String c
    static final int e
    static final int f
    static final java.lang.String n
    static final java.lang.String p
    static final java.lang.String q
    static final java.lang.String s
    static final java.lang.String t
    static final java.lang.String u
    static final java.lang.String v
    static final java.lang.String w
    static final java.lang.String x
    static final java.lang.String y
    static final java.lang.String z
    static final java.lang.String A
    a()
com.umeng.analytics.b:
    b()
com.umeng.common.Log:
    public Log()
    public static void d(java.lang.String,java.lang.String)
    public static void d(java.lang.String,java.lang.String,java.lang.Exception)
    public static void e(java.lang.String,java.lang.String,java.lang.Exception)
com.umeng.common.a
com.umeng.common.a.a:
    public a()
com.umeng.common.a.b:
    public b()
com.umeng.common.b:
    protected static final java.lang.String b
    private static final java.lang.String d
    private static final java.lang.String e
    public static final int c
    public static boolean a(java.lang.String,android.content.Context)
    public static boolean a(android.content.Context)
    public static java.util.Set b(android.content.Context)
    public static boolean c(android.content.Context)
    public static java.lang.String[] a(javax.microedition.khronos.opengles.GL10)
    public static java.lang.String h(android.content.Context)
    public static java.lang.String i(android.content.Context)
    public static java.lang.String a(java.util.Date)
    public static java.util.Date a(java.lang.String)
    public static int a(java.util.Date,java.util.Date)
com.umeng.common.b.a
com.umeng.common.b.b
com.umeng.common.b.c
com.umeng.common.b.d
com.umeng.common.b.e